Begin job finished
Begin run finished
 weight 0 name 1
 weight 1 name 2
 weight 2 name 3
 weight 3 name 4
 weight 4 name 5
 weight 5 name 6
 weight 6 name 7
 weight 7 name 8
 weight 8 name 9
 weight 9 name 10
 weight 10 name 11
 weight 11 name 12
 weight 12 name 13
 weight 13 name 14
 weight 14 name 15
 weight 15 name 16
 weight 16 name 17
 weight 17 name 18
 weight 18 name 19
 weight 19 name 20
 weight 20 name 21
 weight 21 name 22
 weight 22 name 23
 weight 23 name 24
 weight 24 name 25
 weight 25 name 26
 weight 26 name 27
 weight 27 name 28
 weight 28 name 29
 weight 29 name 30
 weight 30 name 31
 weight 31 name 32
 weight 32 name 33
 weight 33 name 34
 weight 34 name 35
 weight 35 name 36
 weight 36 name 37
 weight 37 name 38
 weight 38 name 39
 weight 39 name 40
 weight 40 name 41
 weight 41 name 42
 weight 42 name 43
 weight 43 name 44
 weight 44 name 45
 weight 45 name 46
 weight 46 name 47
 weight 47 name 48
 weight 48 name 49
 weight 49 name 50
 weight 50 name 51
 weight 51 name 52
 weight 52 name 53
 weight 53 name 54
 weight 54 name 55
 weight 55 name 56
 weight 56 name 57
 weight 57 name 58
 weight 58 name 59
 weight 59 name 60
 weight 60 name 61
 weight 61 name 62
 weight 62 name 63
 weight 63 name 64
 weight 64 name 65
 weight 65 name 66
 weight 66 name 67
 weight 67 name 68
 weight 68 name 69
 weight 69 name 70
 weight 70 name 71
 weight 71 name 72
 weight 72 name 73
 weight 73 name 74
 weight 74 name 75
 weight 75 name 76
 weight 76 name 77
 weight 77 name 78
 weight 78 name 79
 weight 79 name 80
 weight 80 name 81
 weight 81 name 82
 weight 82 name 83
 weight 83 name 84
 weight 84 name 85
 weight 85 name 86
 weight 86 name 87
 weight 87 name 88
 weight 88 name 89
 weight 89 name 90
 weight 90 name 91
 weight 91 name 92
 weight 92 name 93
 weight 93 name 94
 weight 94 name 95
 weight 95 name 96
 weight 96 name 97
 weight 97 name 98
 weight 98 name 99
 weight 99 name 100
 weight 100 name 101
 weight 101 name 102
 weight 102 name 103
 weight 103 name 104
 weight 104 name 105
 weight 105 name 106
 weight 106 name 107
 weight 107 name 108
 weight 108 name 109
 weight 109 name 110
 weight 110 name 111
 weight 111 name 112
 weight 112 name 113
 weight 113 name 114
 weight 114 name 115
 weight 115 name 116
 weight 116 name 117
 weight 117 name 118
 weight 118 name 119
 weight 119 name 120
 weight 120 name 121
 weight 121 name 122
 weight 122 name 123
 weight 123 name 124
 weight 124 name 125
 weight 125 name 126
 weight 126 name 127
 weight 127 name 128
 weight 128 name 129
 weight 129 name 130
 weight 130 name 131
 weight 131 name 132
 weight 132 name 133
 weight 133 name 134
 weight 134 name 135
 weight 135 name 136
 weight 136 name 137
 weight 137 name 138
 weight 138 name 139
 weight 139 name 140
 weight 140 name 141
 weight 141 name 142
 weight 142 name 143
 weight 143 name 144
 weight 144 name 145
 weight 145 name 146
 weight 146 name 147
 weight 147 name 148
 weight 148 name rwgt_cQq83_5p0
 weight 149 name rwgt_ctq8_min3p0
 weight 150 name rwgt_ctG_min2p0
 weight 151 name rwgt_cQq83_3p0
 weight 152 name rwgt_cQq83_min4p0
 weight 153 name rwgt_ctd8_min3p0
 weight 154 name rwgt_cQq83_min5p0
 weight 155 name rwgt_cQd8_1p0
 weight 156 name rwgt_ctu8_2p0
 weight 157 name rwgt_ctu8_min4p0
 weight 158 name rwgt_ctd8_0p0
 weight 159 name rwgt_cQd8_min5p0
 weight 160 name rwgt_cQq83_1p0
 weight 161 name rwgt_ctd8_min4p0
 weight 162 name rwgt_cQd8_3p0
 weight 163 name rwgt_cQu8_2p0
 weight 164 name rwgt_cQd8_2p0
 weight 165 name rwgt_ctq8_min2p0
 weight 166 name rwgt_cQq83_2p0
 weight 167 name rwgt_cQu8_3p0
 weight 168 name rwgt_cQd8_min2p0
 weight 169 name rwgt_ctq8_3p0
 weight 170 name rwgt_cQd8_min3p0
 weight 171 name rwgt_ctq8_2p0
 weight 172 name rwgt_ctG_min3p0
 weight 173 name rwgt_cQq81_min2p0
 weight 174 name rwgt_ctG_1p0
 weight 175 name rwgt_ctq8_0p0
 weight 176 name rwgt_ctG_0p0
 weight 177 name rwgt_SM
 weight 178 name rwgt_ctq8_4p0
 weight 179 name rwgt_cQu8_min5p0
 weight 180 name rwgt_ctd8_2p0
 weight 181 name rwgt_ctu8_min2p0
 weight 182 name rwgt_cQq81_5p0
 weight 183 name rwgt_ctd8_3p0
 weight 184 name rwgt_cQq81_4p0
 weight 185 name rwgt_cQq81_min4p0
 weight 186 name rwgt_ctu8_5p0
 weight 187 name rwgt_ctu8_4p0
 weight 188 name rwgt_ctG_4p0
 weight 189 name rwgt_cQu8_min1p0
 weight 190 name rwgt_cQq83_4p0
 weight 191 name rwgt_ctG_min1p0
 weight 192 name rwgt_ctq8_min4p0
 weight 193 name rwgt_ctq8_min5p0
 weight 194 name rwgt_ctu8_min1p0
 weight 195 name rwgt_ctd8_min2p0
 weight 196 name rwgt_cQq81_1p0
 weight 197 name rwgt_cQq81_min5p0
 weight 198 name rwgt_ctG_5p0
 weight 199 name rwgt_cQq81_0p0
 weight 200 name rwgt_cQd8_0p0
 weight 201 name rwgt_ctu8_1p0
 weight 202 name rwgt_ctG_3p0
 weight 203 name rwgt_ctu8_0p0
 weight 204 name rwgt_cQd8_min4p0
 weight 205 name rwgt_ctu8_min5p0
 weight 206 name rwgt_cQu8_4p0
 weight 207 name rwgt_cQu8_5p0
 weight 208 name rwgt_cQq83_0p0
 weight 209 name rwgt_ctG_min5p0
 weight 210 name rwgt_ctq8_min1p0
 weight 211 name rwgt_ctG_min4p0
 weight 212 name rwgt_cQq81_min1p0
 weight 213 name rwgt_cQu8_0p0
 weight 214 name rwgt_cQq83_min2p0
 weight 215 name rwgt_cQd8_5p0
 weight 216 name rwgt_cQq83_min3p0
 weight 217 name rwgt_cQu8_1p0
 weight 218 name rwgt_cQd8_4p0
 weight 219 name rwgt_cQd8_min1p0
 weight 220 name rwgt_ctd8_min5p0
 weight 221 name rwgt_cQu8_min4p0
 weight 222 name rwgt_ctG_2p0
 weight 223 name rwgt_ctq8_1p0
 weight 224 name rwgt_ctd8_min1p0
 weight 225 name rwgt_cQu8_min2p0
 weight 226 name rwgt_ctd8_1p0
 weight 227 name rwgt_ctq8_5p0
 weight 228 name rwgt_ctu8_min3p0
 weight 229 name rwgt_cQq81_min3p0
 weight 230 name rwgt_cQq83_min1p0
 weight 231 name rwgt_cQu8_min3p0
 weight 232 name rwgt_cQq81_3p0
 weight 233 name rwgt_ctd8_4p0
 weight 234 name rwgt_cQq81_2p0
 weight 235 name rwgt_ctd8_5p0
 weight 236 name rwgt_ctu8_3p0
 weight 237 name 1001
 weight 238 name 1002
 weight 239 name 1003
 weight 240 name 1004
 weight 241 name 1005
 weight 242 name 1006
 weight 243 name 1007
 weight 244 name 1008
 weight 245 name 1009
 weight 246 name 1010
 weight 247 name 1011
 weight 248 name 1012
 weight 249 name 1013
 weight 250 name 1014
 weight 251 name 1015
 weight 252 name 1016
 weight 253 name 1017
 weight 254 name 1018
 weight 255 name 1019
 weight 256 name 1020
 weight 257 name 1021
 weight 258 name 1022
 weight 259 name 1023
 weight 260 name 1024
 weight 261 name 1025
 weight 262 name 1026
 weight 263 name 1027
 weight 264 name 1028
 weight 265 name 1029
 weight 266 name 1030
 weight 267 name 1031
 weight 268 name 1032
 weight 269 name 1033
 weight 270 name 1034
 weight 271 name 1035
 weight 272 name 1036
 weight 273 name 1037
 weight 274 name 1038
 weight 275 name 1039
 weight 276 name 1040
 weight 277 name 1041
 weight 278 name 1042
 weight 279 name 1043
 weight 280 name 1044
 weight 281 name 1045
 weight 282 name 1046
 weight 283 name 1047
 weight 284 name 1048
 weight 285 name 1049
 weight 286 name 1050
 weight 287 name 1051
 weight 288 name 1052
 weight 289 name 1053
 weight 290 name 1054
 weight 291 name 1055
 weight 292 name 1056
 weight 293 name 1057
 weight 294 name 1058
 weight 295 name 1059
 weight 296 name 1060
 weight 297 name 1061
 weight 298 name 1062
 weight 299 name 1063
 weight 300 name 1064
 weight 301 name 1065
 weight 302 name 1066
 weight 303 name 1067
 weight 304 name 1068
 weight 305 name 1069
 weight 306 name 1070
 weight 307 name 1071
 weight 308 name 1072
 weight 309 name 1073
 weight 310 name 1074
 weight 311 name 1075
 weight 312 name 1076
 weight 313 name 1077
 weight 314 name 1078
 weight 315 name 1079
 weight 316 name 1080
 weight 317 name 1081
 weight 318 name 1082
 weight 319 name 1083
 weight 320 name 1084
 weight 321 name 1085
 weight 322 name 1086
 weight 323 name 1087
 weight 324 name 1088
 weight 325 name 1089
 weight 326 name 1090
 weight 327 name 1091
 weight 328 name 1092
 weight 329 name 1093
 weight 330 name 1094
 weight 331 name 1095
 weight 332 name 1096
 weight 333 name 1097
 weight 334 name 1098
 weight 335 name 1099
 weight 336 name 1100
 weight 337 name 1101
 weight 338 name 1102
 weight 339 name 1103
 weight 340 name 1104
 weight 341 name 1105
 weight 342 name 1106
 weight 343 name 1107
 weight 344 name 1108
 weight 345 name 1109
 weight 346 name 1110
 weight 347 name 1111
 weight 348 name 1112
 weight 349 name 1113
 weight 350 name 1114
 weight 351 name 1115
 weight 352 name 1116
 weight 353 name 1117
 weight 354 name 1118
 weight 355 name 1119
 weight 356 name 1120
 weight 357 name 1121
 weight 358 name 1122
 weight 359 name 1123
 weight 360 name 1124
 weight 361 name 1125
 weight 362 name 1126
 weight 363 name 1127
 weight 364 name 1128
 weight 365 name 1129
 weight 366 name 1130
 weight 367 name 1131
 weight 368 name 1132
 weight 369 name 1133
 weight 370 name 1134
 weight 371 name 1135
 weight 372 name 1136
 weight 373 name 1137
 weight 374 name 1138
 weight 375 name 1139
 weight 376 name 1140
 weight 377 name 1141
 weight 378 name 1142
 weight 379 name 1143
 weight 380 name 1144
 weight 381 name 1145
 weight 382 name 1146
 weight 383 name 1147
 weight 384 name 1148
 weight 385 name 1149
 weight 386 name 1150
 weight 387 name 1151
 weight 388 name 1152
 weight 389 name 1153
 weight 390 name 1154
 weight 391 name 1155
 weight 392 name 1156
 weight 393 name 1157
 weight 394 name 1158
 weight 395 name 1159
 weight 396 name 1160
 weight 397 name 1161
 weight 398 name 1162
 weight 399 name 1163
 weight 400 name 1164
 weight 401 name 1165
 weight 402 name 1166
 weight 403 name 1167
 weight 404 name 1168
 weight 405 name 1169
 weight 406 name 1170
 weight 407 name 1171
 weight 408 name 1172
 weight 409 name 1173
 weight 410 name 1174
 weight 411 name 1175
 weight 412 name 1176
 weight 413 name 1177
 weight 414 name 1178
 weight 415 name 1179
 weight 416 name 1180
 weight 417 name 1181
 weight 418 name 1182
 weight 419 name 1183
 weight 420 name 1184
 weight 421 name 1185
 weight 422 name 1186
 weight 423 name 1187
 weight 424 name 1188
 weight 425 name 1189
 weight 426 name 1190
 weight 427 name 1191
 weight 428 name 1192
 weight 429 name 1193
 weight 430 name 1194
 weight 431 name 1195
 weight 432 name 1196
 weight 433 name 1197
 weight 434 name 1198
 weight 435 name 1199
 weight 436 name 1200
 weight 437 name 1201
 weight 438 name 1202
 weight 439 name 1203
 weight 440 name 1204
 weight 441 name 1205
 weight 442 name 1206
 weight 443 name 1207
 weight 444 name 1208
 weight 445 name 1209
 weight 446 name 1210
 weight 447 name 1211
 weight 448 name 1212
 weight 449 name 1213
 weight 450 name 1214
 weight 451 name 1215
 weight 452 name 1216
 weight 453 name 1217
 weight 454 name 1218
 weight 455 name 1219
 weight 456 name 1220
 weight 457 name 1221
 weight 458 name 1222
 weight 459 name 1223
 weight 460 name 1224
 weight 461 name 1225
 weight 462 name 1226
 weight 463 name 1227
 weight 464 name 1228
 weight 465 name 1229
 weight 466 name 1230
 weight 467 name 1231
 weight 468 name 1232
 weight 469 name 1233
 weight 470 name 1234
 weight 471 name 1235
 weight 472 name 1236
 weight 473 name 1237
 weight 474 name 1238
 weight 475 name 1239
 weight 476 name 1240
 weight 477 name 1241
 weight 478 name 1242
 weight 479 name 1243
 weight 480 name 1244
 weight 481 name 1245
 weight 482 name 1246
 weight 483 name 1247
 weight 484 name 1248
 weight 485 name 1249
 weight 486 name 1250
 weight 487 name 1251
 weight 488 name 1252
 weight 489 name 1253
 weight 490 name 1254
 weight 491 name 1255
 weight 492 name 1256
 weight 493 name 1257
 weight 494 name 1258
 weight 495 name 1259
 weight 496 name 1260
 weight 497 name 1261
 weight 498 name 1262
 weight 499 name 1263
 weight 500 name 1264
 weight 501 name 1265
 weight 502 name 1266
 weight 503 name 1267
 weight 504 name 1268
 weight 505 name 1269
 weight 506 name 1270
 weight 507 name 1271
 weight 508 name 1272
 weight 509 name 1273
 weight 510 name 1274
 weight 511 name 1275
 weight 512 name 1276
 weight 513 name 1277
 weight 514 name 1278
 weight 515 name 1279
 weight 516 name 1280
 weight 517 name 1281
 weight 518 name 1282
 weight 519 name 1283
 weight 520 name 1284
 weight 521 name 1285
 weight 522 name 1286
 weight 523 name 1287
 weight 524 name 1288
 weight 525 name 1289
 weight 526 name 1290
 weight 527 name 1291
 weight 528 name 1292
 weight 529 name 1293
 weight 530 name 1294
 weight 531 name 1295
 weight 532 name 1296
 weight 533 name 1297
 weight 534 name 1298
 weight 535 name 1299
 weight 536 name 1300
 weight 537 name 1301
 weight 538 name 1302
 weight 539 name 1303
 weight 540 name 1304
 weight 541 name 1305
 weight 542 name 1306
 weight 543 name 1307
 weight 544 name 1308
 weight 545 name 1309
 weight 546 name 1310
 weight 547 name 1311
 weight 548 name 1312
 weight 549 name 1313
 weight 550 name 1314
 weight 551 name 1315
 weight 552 name 1316
 weight 553 name 1317
 weight 554 name 1318
 weight 555 name 1319
 weight 556 name 1320
 weight 557 name 1321
 weight 558 name 1322
 weight 559 name 1323
 weight 560 name 1324
 weight 561 name 1325
 weight 562 name 1326
 weight 563 name 1327
 weight 564 name 1328
 weight 565 name 1329
 weight 566 name 1330
 weight 567 name 1331
 weight 568 name 1332
 weight 569 name 1333
 weight 570 name 1334
 weight 571 name 1335
 weight 572 name 1336
 weight 573 name 1337
 weight 574 name 1338
 weight 575 name 1339
 weight 576 name 1340
 weight 577 name 1341
 weight 578 name 1342
 weight 579 name 1343
 weight 580 name 1344
 weight 581 name 1345
 weight 582 name 1346
 weight 583 name 1347
 weight 584 name 1348
 weight 585 name 1349
 weight 586 name 1350
 weight 587 name 1351
 weight 588 name 1352
 weight 589 name 1353
 weight 590 name 1354
 weight 591 name 1355
 weight 592 name 1356
 weight 593 name 1357
 weight 594 name 1358
 weight 595 name 1359
 weight 596 name 1360
 weight 597 name 1361
 weight 598 name 1362
 weight 599 name 1363
 weight 600 name 1364
 weight 601 name 1365
 weight 602 name 1366
 weight 603 name 1367
 weight 604 name 1368
 weight 605 name 1369
 weight 606 name 1370
 weight 607 name 1371
 weight 608 name 1372
 weight 609 name 1373
 weight 610 name 1374
 weight 611 name 1375
 weight 612 name 1376
 weight 613 name 1377
 weight 614 name 1378
 weight 615 name 1379
 weight 616 name 1380
 weight 617 name 1381
 weight 618 name 1382
 weight 619 name 1383
 weight 620 name 1384
 weight 621 name 1385
 weight 622 name 1386
 weight 623 name 1387
 weight 624 name 1388
 weight 625 name 1389
 weight 626 name 1390
 weight 627 name 1391
 weight 628 name 1392
 weight 629 name 1393
 weight 630 name 1394
 weight 631 name 1395
 weight 632 name 1396
 weight 633 name 1397
 weight 634 name 1398
 weight 635 name 1399
 weight 636 name 1400
 weight 637 name 1401
 weight 638 name 1402
 weight 639 name 1403
 weight 640 name 1404
 weight 641 name 1405
 weight 642 name 1406
 weight 643 name 1407
 weight 644 name 1408
 weight 645 name 1409
 weight 646 name 1410
 weight 647 name 1411
 weight 648 name 1412
 weight 649 name 1413
 weight 650 name 1414
 weight 651 name 1415
 weight 652 name 1416
 weight 653 name 1417
 weight 654 name 1418
 weight 655 name 1419
 weight 656 name 1420
 weight 657 name 1421
 weight 658 name 1422
 weight 659 name 1423
 weight 660 name 1424
 weight 661 name 1425
 weight 662 name 1426
 weight 663 name 1427
 weight 664 name 1428
 weight 665 name 1429
 weight 666 name 1430
 weight 667 name 1431
 weight 668 name 1432
 weight 669 name 1433
 weight 670 name 1434
 weight 671 name 1435
 weight 672 name 1436
 weight 673 name 1437
 weight 674 name 1438
 weight 675 name 1439
 weight 676 name 1440
 weight 677 name 1441
 weight 678 name 1442
 weight 679 name 1443
 weight 680 name 1444
 weight 681 name 1445
 weight 682 name 1446
 weight 683 name 1447
 weight 684 name 1448
 weight 685 name 1449
 weight 686 name 1450
 weight 687 name 1451
 weight 688 name 1452
 weight 689 name 1453
 weight 690 name 1454
 weight 691 name 1455
 weight 692 name 1456
 weight 693 name 1457
 weight 694 name 1458
 weight 695 name 1459
 weight 696 name 1460
 weight 697 name 1461
 weight 698 name 1462
 weight 699 name 1463
 weight 700 name 1464
 weight 701 name 1465
 weight 702 name 1466
 weight 703 name 1467
 weight 704 name 1468
 weight 705 name 1469
 weight 706 name 1470
 weight 707 name 1471
 weight 708 name 1472
 weight 709 name 1473
 weight 710 name 1474
 weight 711 name 1475
 weight 712 name 1476
 weight 713 name 1477
 weight 714 name 1478
 weight 715 name 1479
 weight 716 name 1480
 weight 717 name 1481
 weight 718 name 1482
 weight 719 name 1483
 weight 720 name 1484
 weight 721 name 1485
 weight 722 name 1486
 weight 723 name 1487
 weight 724 name 1488
 weight 725 name 1489
 weight 726 name 1490
 weight 727 name 1491
 weight 728 name 1492
 weight 729 name 1493
 weight 730 name 1494
 weight 731 name 1495
 weight 732 name 1496
 weight 733 name 1497
 weight 734 name 1498
 weight 735 name 1499
 weight 736 name 1500
 weight 737 name 1501
 weight 738 name 1502
 weight 739 name 1503
 weight 740 name 1504
 weight 741 name 1505
 weight 742 name 1506
 weight 743 name 1507
 weight 744 name 1508
 weight 745 name 1509
 weight 746 name 1510
 weight 747 name 1511
 weight 748 name 1512
 weight 749 name 1513
 weight 750 name 1514
 weight 751 name 1515
 weight 752 name 1516
 weight 753 name 1517
 weight 754 name 1518
 weight 755 name 1519
 weight 756 name 1520
 weight 757 name 1521
 weight 758 name 1522
 weight 759 name 1523
 weight 760 name 1524
 weight 761 name 1525
 weight 762 name 1526
 weight 763 name 1527
 weight 764 name 1528
 weight 765 name 1529
 weight 766 name 1530
 weight 767 name 1531
 weight 768 name 1532
 weight 769 name 1533
 weight 770 name 1534
 weight 771 name 1535
 weight 772 name 1536
 weight 773 name 1537
 weight 774 name 1538
 weight 775 name 1539
 weight 776 name 1540
 weight 777 name 1541
 weight 778 name 1542
 weight 779 name 1543
 weight 780 name 1544
 weight 781 name 1545
 weight 782 name 1546
 weight 783 name 1547
 weight 784 name 1548
 weight 785 name 1549
 weight 786 name 1550
 weight 787 name 1551
 weight 788 name 1552
 weight 789 name 1553
 weight 790 name 1554
 weight 791 name 1555
 weight 792 name 1556
 weight 793 name 1557
 weight 794 name 1558
 weight 795 name 1559
 weight 796 name 1560
 weight 797 name 1561
 weight 798 name 1562
 weight 799 name 1563
 weight 800 name 1564
 weight 801 name 1565
 weight 802 name 1566
 weight 803 name 1567
 weight 804 name 1568
 weight 805 name 1569
 weight 806 name 1570
 weight 807 name 1571
 weight 808 name 1572
 weight 809 name 1573
 weight 810 name 1574
 weight 811 name 1575
 weight 812 name 1576
 weight 813 name 1577
 weight 814 name 1578
 weight 815 name 1579
 weight 816 name 1580
 weight 817 name 1581
 weight 818 name 1582
 weight 819 name 1583
 weight 820 name 1584
 weight 821 name 1585
 weight 822 name 1586
 weight 823 name 1587
 weight 824 name 1588
 weight 825 name 1589
 weight 826 name 1590
 weight 827 name 1591
 weight 828 name 1592
 weight 829 name 1593
 weight 830 name 1594
 weight 831 name 1595
 weight 832 name 1596
 weight 833 name 1597
 weight 834 name 1598
 weight 835 name 1599
 weight 836 name 1600
 weight 837 name 1601
 weight 838 name 1602
 weight 839 name 1603
 weight 840 name 1604
 weight 841 name 1605
 weight 842 name 1606
 weight 843 name 1607
 weight 844 name 1608
 weight 845 name 1609
 weight 846 name 1610
 weight 847 name 1611
 weight 848 name 1612
 weight 849 name 1613
 weight 850 name 1614
 weight 851 name 1615
 weight 852 name 1616
 weight 853 name 1617
 weight 854 name 1618
 weight 855 name 1619
 weight 856 name 1620
 weight 857 name 1621
 weight 858 name 1622
 weight 859 name 1623
 weight 860 name 1624
 weight 861 name 1625
 weight 862 name 1626
 weight 863 name 1627
 weight 864 name 1628
 weight 865 name 1629
 weight 866 name 1630
 weight 867 name 1631
 weight 868 name 1632
 weight 869 name 1633
 weight 870 name 1634
 weight 871 name 1635
 weight 872 name 1636
 weight 873 name 1637
 weight 874 name 1638
 weight 875 name 1639
 weight 876 name 1640
 weight 877 name 1641
 weight 878 name 1642
 weight 879 name 1643
 weight 880 name 1644
 weight 881 name 1645
 weight 882 name 1646
 weight 883 name 1647
 weight 884 name 1648
 weight 885 name 1649
 weight 886 name 1650
 weight 887 name 1651
 weight 888 name 1652
 weight 889 name 1653
 weight 890 name 1654
 weight 891 name 1655
 weight 892 name 1656
 weight 893 name 1657
 weight 894 name 1658
 weight 895 name 1659
 weight 896 name 1660
 weight 897 name 1661
 weight 898 name 1662
 weight 899 name 1663
 weight 900 name 1664
 weight 901 name 1665
 weight 902 name 1666
 weight 903 name 1667
 weight 904 name 1668
 weight 905 name 1669
 weight 906 name 1670
 weight 907 name 1671
 weight 908 name 1672
 weight 909 name 1673
 weight 910 name 1674
 weight 911 name 1675
 weight 912 name 1676
 weight 913 name 1677
 weight 914 name 1678
 weight 915 name 1679
 weight 916 name 1680
 weight 917 name 1681
 weight 918 name 1682
 weight 919 name 1683
 weight 920 name 1684
 weight 921 name 1685
 weight 922 name 1686
 weight 923 name 1687
 weight 924 name 1688
 weight 925 name 1689
 weight 926 name 1690
 weight 927 name 1691
 weight 928 name 1692
 weight 929 name 1693
 weight 930 name 1694
 weight 931 name 1695
 weight 932 name 1696
 weight 933 name 1697
 weight 934 name 1698
 weight 935 name 1699
 weight 936 name 1700
 weight 937 name 1701
 weight 938 name 1702
 weight 939 name 1703
 weight 940 name 1704
 weight 941 name 1705
 weight 942 name 1706
 weight 943 name 1707
 weight 944 name 1708
 weight 945 name 1709
 weight 946 name 1710
 weight 947 name 1711
 weight 948 name 1712
 weight 949 name 1713
 weight 950 name 1714
 weight 951 name 1715
 weight 952 name 1716
 weight 953 name 1717
 weight 954 name 1718
 weight 955 name 1719
 weight 956 name 1720
 weight 957 name 1721
 weight 958 name 1722
 weight 959 name 1723
 weight 960 name 1724
 weight 961 name 1725
 weight 962 name 1726
 weight 963 name 1727
 weight 964 name 1728
 weight 965 name 1729
 weight 966 name 1730
 weight 967 name 1731
 weight 968 name 1732
 weight 969 name 1733
 weight 970 name 1734
 weight 971 name 1735
 weight 972 name 1736
 weight 973 name 1737
 weight 974 name 1738
 weight 975 name 1739
 weight 976 name 1740
 weight 977 name 1741
 weight 978 name 1742
 weight 979 name 1743
 weight 980 name 1744
 weight 981 name 1745
 weight 982 name 1746
 weight 983 name 1747
 weight 984 name 1748
 weight 985 name 1749
 weight 986 name 1750
 weight 987 name 1751
 weight 988 name 1752
 weight 989 name 1753
 weight 990 name 1754
 weight 991 name 1755
 weight 992 name 1756
 weight 993 name 1757
 weight 994 name 1758
 weight 995 name 1759
 weight 996 name 1760
 weight 997 name 1761
 weight 998 name 1762
 weight 999 name 1763
 weight 1000 name 1764
 weight 1001 name 1765
 weight 1002 name 1766
 weight 1003 name 1767
 weight 1004 name 1768
 weight 1005 name 1769
 weight 1006 name 1770
 weight 1007 name 1771
 weight 1008 name 1772
 weight 1009 name 1773
 weight 1010 name 1774
 weight 1011 name 1775
 weight 1012 name 1776
 weight 1013 name 1777
 weight 1014 name 1778
 weight 1015 name 1779
 weight 1016 name 1780
 weight 1017 name 1781
 weight 1018 name 1782
 weight 1019 name 1783
 weight 1020 name 1784
 weight 1021 name 1785
 weight 1022 name 1786
 weight 1023 name 1787
 weight 1024 name 1788
 weight 1025 name 1789
 weight 1026 name 1790
 weight 1027 name 1791
 weight 1028 name 1792
 weight 1029 name 1793
 weight 1030 name 1794
 weight 1031 name 1795
 weight 1032 name 1796
 weight 1033 name 1797
 weight 1034 name 1798
 weight 1035 name 1799
 weight 1036 name 1800
 weight 1037 name 1801
 weight 1038 name 1802
 weight 1039 name 1803
 weight 1040 name 1804
 weight 1041 name 1805
 weight 1042 name 1806
 weight 1043 name 1807
 weight 1044 name 1808
 weight 1045 name 1809
 weight 1046 name 1810
 weight 1047 name 1811
 weight 1048 name 1812
 weight 1049 name 1813
 weight 1050 name 1814
 weight 1051 name 1815
 weight 1052 name 1816
 weight 1053 name 1817
 weight 1054 name 1818
 weight 1055 name 1819
 weight 1056 name 1820
 weight 1057 name 1821
 weight 1058 name 1822
 weight 1059 name 1823
 weight 1060 name 1824
 weight 1061 name 1825
 weight 1062 name 1826
 weight 1063 name 1827
 weight 1064 name 1828
 weight 1065 name 1829
 weight 1066 name 1830
 weight 1067 name 1831
 weight 1068 name 1832
 weight 1069 name 1833
 weight 1070 name 1834
 weight 1071 name 1835
 weight 1072 name 1836
 weight 1073 name 1837
 weight 1074 name 1838
 weight 1075 name 1839
 weight 1076 name 1840
 weight 1077 name 1841
 weight 1078 name 1842
 weight 1079 name 1843
 weight 1080 name 1844
 weight 1081 name 1845
 weight 1082 name 1846
 weight 1083 name 1847
 weight 1084 name 1848
 weight 1085 name 1849
 weight 1086 name 1850
 weight 1087 name 1851
 weight 1088 name 1852
 weight 1089 name 1853
 weight 1090 name 1854
 weight 1091 name 1855
 weight 1092 name 1856
 weight 1093 name 1857
 weight 1094 name 1858
 weight 1095 name 1859
 weight 1096 name 1860
 weight 1097 name 1861
 weight 1098 name 1862
 weight 1099 name 1863
 weight 1100 name 1864
 weight 1101 name 1865
 weight 1102 name 1866
 weight 1103 name 1867
 weight 1104 name 1868
 weight 1105 name 1869
 weight 1106 name 1870
 weight 1107 name 1871
 weight 1108 name 1872
 weight 1109 name 1873
 weight 1110 name 1874
 weight 1111 name 1875
 weight 1112 name 1876
 weight 1113 name 1877
 weight 1114 name 1878
 weight 1115 name 1879
 weight 1116 name 1880
 weight 1117 name 1881
 weight 1118 name 1882
 weight 1119 name 1883
 weight 1120 name 1884
 weight 1121 name 1885
 weight 1122 name 1886
 weight 1123 name 1887
 weight 1124 name 1888
 weight 1125 name 1889
 weight 1126 name 1890
 weight 1127 name 1891
 weight 1128 name 1892
 weight 1129 name 1893
 weight 1130 name 1894
 weight 1131 name 1895
 weight 1132 name 1896
 weight 1133 name 1897
 weight 1134 name 1898
 weight 1135 name 1899
 weight 1136 name 1900
 weight 1137 name 1901
 weight 1138 name 1902
 weight 1139 name 1903
 weight 1140 name 1904
 weight 1141 name 1905
 weight 1142 name 1906
 weight 1143 name 1907
 weight 1144 name 1908
 weight 1145 name 1909
 weight 1146 name 1910
 weight 1147 name 1911
 weight 1148 name 1912
 weight 1149 name 1913
 weight 1150 name 1914
 weight 1151 name 1915
 weight 1152 name 1916
 weight 1153 name 1917
 weight 1154 name 1918
 weight 1155 name 1919
 weight 1156 name 1920
 weight 1157 name 1921
 weight 1158 name 1922
 weight 1159 name 1923
 weight 1160 name 1924
 weight 1161 name 1925
 weight 1162 name 1926
 weight 1163 name 1927
 weight 1164 name 1928
 weight 1165 name 1929
 weight 1166 name 1930
 weight 1167 name 1931
 weight 1168 name 1932
 weight 1169 name 1933
 weight 1170 name 1934
 weight 1171 name 1935
 weight 1172 name 1936
 weight 1173 name 1937
 weight 1174 name 1938
 weight 1175 name 1939
 weight 1176 name 1940
 weight 1177 name 1941
 weight 1178 name 1942
 weight 1179 name 1943
 weight 1180 name 1944
 weight 1181 name 1945
 weight 1182 name 1946
 weight 1183 name 1947
 weight 1184 name 1948
 weight 1185 name 1949
 weight 1186 name 1950
 weight 1187 name 1951
 weight 1188 name 1952
 weight 1189 name 1953
 weight 1190 name 1954
 weight 1191 name 1955
 weight 1192 name 1956
 weight 1193 name 1957
 weight 1194 name 1958
 weight 1195 name 1959
 weight 1196 name 1960
 weight 1197 name 1961
 weight 1198 name 1962
 weight 1199 name 1963
 weight 1200 name 1964
 weight 1201 name 1965
 weight 1202 name 1966
 weight 1203 name 1967
 weight 1204 name 1968
 weight 1205 name 1969
 weight 1206 name 1970
 weight 1207 name 1971
 weight 1208 name 1972
 weight 1209 name 1973
 weight 1210 name 1974
 weight 1211 name 1975
 weight 1212 name 1976
 weight 1213 name 1977
 weight 1214 name 1978
 weight 1215 name 1979
 weight 1216 name 1980
 weight 1217 name 1981
 weight 1218 name 1982
 weight 1219 name 1983
 weight 1220 name 1984
 weight 1221 name 1985
 weight 1222 name 1986
 weight 1223 name 1987
 weight 1224 name 1988
 weight 1225 name 1989
 weight 1226 name 1990
 weight 1227 name 1991
 weight 1228 name 1992
 weight 1229 name 1993
 weight 1230 name 1994
 weight 1231 name 1995
 weight 1232 name 1996
 weight 1233 name 1997
 weight 1234 name 1998
 weight 1235 name 1999
 weight 1236 name 2000
 weight 1237 name 2001
 weight 1238 name 2002
 weight 1239 name 2003
 weight 1240 name 2004
 weight 1241 name 2005
 weight 1242 name 2006
 weight 1243 name 2007
 weight 1244 name 2008
 weight 1245 name 2009
 weight 1246 name 2010
 weight 1247 name 2011
 weight 1248 name 2012
 weight 1249 name 2013
 weight 1250 name 2014
 weight 1251 name 2015
 weight 1252 name 2016
 weight 1253 name 2017
 weight 1254 name 2018
 weight 1255 name 2019
 weight 1256 name 2020
 weight 1257 name 2021
 weight 1258 name 2022
 weight 1259 name 2023
 weight 1260 name 2024
 weight 1261 name 2025
 weight 1262 name 2026
 weight 1263 name 2027
 weight 1264 name 2028
 weight 1265 name 2029
 weight 1266 name 2030
 weight 1267 name 2031
 weight 1268 name 2032
 weight 1269 name 2033
 weight 1270 name 2034
 weight 1271 name 2035
 weight 1272 name 2036
 weight 1273 name 2037
 weight 1274 name 2038
 weight 1275 name 2039
 weight 1276 name 2040
 weight 1277 name 2041
 weight 1278 name 2042
 weight 1279 name 2043
 weight 1280 name 2044
 weight 1281 name 2045
 weight 1282 name 2046
 weight 1283 name 2047
 weight 1284 name 2048
 weight 1285 name 2049
 weight 1286 name 2050
 weight 1287 name 2051
 weight 1288 name 2052
 weight 1289 name 2053
 weight 1290 name 2054
 weight 1291 name 2055
 weight 1292 name 2056
 weight 1293 name 2057
 weight 1294 name 2058
 weight 1295 name 2059
 weight 1296 name 2060
 weight 1297 name 2061
 weight 1298 name 2062
 weight 1299 name 2063
 weight 1300 name 2064
 weight 1301 name 2065
 weight 1302 name 2066
 weight 1303 name 2067
 weight 1304 name 2068
 weight 1305 name 2069
 weight 1306 name 2070
 weight 1307 name 2071
 weight 1308 name 2072
 weight 1309 name 2073
 weight 1310 name 2074
 weight 1311 name 2075
 weight 1312 name 2076
 weight 1313 name 2077
 weight 1314 name 2078
 weight 1315 name 2079
 weight 1316 name 2080
 weight 1317 name 2081
 weight 1318 name 2082
 weight 1319 name 2083
 weight 1320 name 2084
 weight 1321 name 2085
 weight 1322 name 2086
 weight 1323 name 2087
 weight 1324 name 2088
 weight 1325 name 2089
 weight 1326 name 2090
 weight 1327 name 2091
 weight 1328 name 2092
 weight 1329 name 2093
 weight 1330 name 2094
 weight 1331 name 2095
 weight 1332 name 2096
 weight 1333 name 2097
 weight 1334 name 2098
 weight 1335 name 2099
 weight 1336 name 2100
 weight 1337 name 2101
 weight 1338 name 2102
 weight 1339 name 2103
 weight 1340 name 2104
 weight 1341 name 2105
 weight 1342 name 2106
 weight 1343 name 2107
 weight 1344 name 2108
 weight 1345 name 2109
 weight 1346 name 2110
 weight 1347 name 2111
 weight 1348 name 2112
 weight 1349 name 2113
 weight 1350 name 2114
 weight 1351 name 2115
 weight 1352 name 2116
 weight 1353 name 2117
 weight 1354 name 2118
 weight 1355 name 2119
 weight 1356 name 2120
 weight 1357 name 2121
 weight 1358 name 2122
 weight 1359 name 2123
 weight 1360 name 2124
 weight 1361 name 2125
 weight 1362 name 2126
 weight 1363 name 2127
 weight 1364 name 2128
 weight 1365 name 2129
 weight 1366 name 2130
 weight 1367 name 2131
 weight 1368 name 2132
 weight 1369 name 2133
 weight 1370 name 2134
 weight 1371 name 2135
 weight 1372 name 2136
 weight 1373 name 2137
 weight 1374 name 2138
 weight 1375 name 2139
 weight 1376 name 2140
 weight 1377 name 2141
 weight 1378 name 2142
 weight 1379 name 2143
 weight 1380 name 2144
 weight 1381 name 2145
 weight 1382 name 2146
 weight 1383 name 2147
 weight 1384 name 2148
 weight 1385 name 2149
 weight 1386 name 2150
 weight 1387 name 2151
 weight 1388 name 2152
 weight 1389 name 2153
 weight 1390 name 2154
 weight 1391 name 2155
 weight 1392 name 2156
 weight 1393 name 2157
 weight 1394 name 2158
 weight 1395 name 2159
 weight 1396 name 2160
 weight 1397 name 2161
 weight 1398 name 2162
 weight 1399 name 2163
 weight 1400 name 2164
 weight 1401 name 2165
 weight 1402 name 2166
 weight 1403 name 2167
 weight 1404 name 2168
 weight 1405 name 2169
 weight 1406 name 2170
 weight 1407 name 2171
 weight 1408 name 2172
 weight 1409 name 2173
 weight 1410 name 2174
 weight 1411 name 2175
 weight 1412 name 2176
 weight 1413 name 2177
 weight 1414 name 2178
 weight 1415 name 2179
 weight 1416 name 2180
 weight 1417 name 2181
 weight 1418 name 2182
 weight 1419 name 2183
 weight 1420 name 2184
 weight 1421 name 2185
 weight 1422 name 2186
 weight 1423 name 2187
 weight 1424 name 2188
 weight 1425 name 2189
 weight 1426 name 2190
 weight 1427 name 2191
 weight 1428 name 2192
 weight 1429 name 2193
 weight 1430 name 2194
 weight 1431 name 2195
 weight 1432 name 2196
 weight 1433 name 2197
 weight 1434 name 2198
 weight 1435 name 2199
 weight 1436 name 2200
 weight 1437 name 2201
 weight 1438 name 2202
 weight 1439 name 2203
 weight 1440 name 2204
 weight 1441 name 2205
 weight 1442 name 2206
 weight 1443 name 2207
 weight 1444 name 2208
 weight 1445 name 2209
 weight 1446 name 2210
 weight 1447 name 2211
 weight 1448 name 2212
 weight 1449 name 2213
 weight 1450 name 2214
 weight 1451 name 2215
 weight 1452 name 2216
 weight 1453 name 2217
 weight 1454 name 2218
 weight 1455 name 2219
 weight 1456 name 2220
 weight 1457 name 2221
 weight 1458 name 2222
 weight 1459 name 2223
 weight 1460 name 2224
 weight 1461 name 2225
 weight 1462 name 2226
 weight 1463 name 2227
 weight 1464 name 2228
 weight 1465 name 2229
 weight 1466 name 2230
 weight 1467 name 2231
 weight 1468 name 2232
 weight 1469 name 2233
 weight 1470 name 2234
 weight 1471 name 2235
 weight 1472 name 2236
 weight 1473 name 2237
 weight 1474 name 2238
 weight 1475 name 2239
 weight 1476 name 2240
 weight 1477 name 2241
 weight 1478 name 2242
 weight 1479 name 2243
 weight 1480 name 2244
 weight 1481 name 2245
 weight 1482 name 2246
 weight 1483 name 2247
 weight 1484 name 2248
 weight 1485 name 2249
 weight 1486 name 2250
 weight 1487 name 2251
 weight 1488 name 2252
 weight 1489 name 2253
 weight 1490 name 2254
 weight 1491 name 2255
 weight 1492 name 2256
 weight 1493 name 2257
 weight 1494 name 2258
 weight 1495 name 2259
 weight 1496 name 2260
 weight 1497 name 2261
 weight 1498 name 2262
 weight 1499 name 2263
 weight 1500 name 2264
 weight 1501 name 2265
 weight 1502 name 2266
 weight 1503 name 2267
 weight 1504 name 2268
 weight 1505 name 2269
 weight 1506 name 2270
 weight 1507 name 2271
 weight 1508 name 2272
 weight 1509 name 2273
 weight 1510 name 2274
 weight 1511 name 2275
 weight 1512 name 2276
 weight 1513 name 2277
 weight 1514 name 2278
 weight 1515 name 2279
 weight 1516 name 2280
 weight 1517 name 2281
 weight 1518 name 2282
 weight 1519 name 2283
 weight 1520 name 2284
 weight 1521 name 2285
 weight 1522 name 2286
 weight 1523 name 2287
 weight 1524 name 2288
 weight 1525 name 2289
 weight 1526 name 2290
 weight 1527 name 2291
 weight 1528 name 2292
 weight 1529 name 2293
 weight 1530 name 2294
 weight 1531 name 2295
 weight 1532 name 2296
 weight 1533 name 2297
 weight 1534 name 2298
 weight 1535 name 2299
 weight 1536 name 2300
 weight 1537 name 2301
 weight 1538 name 2302
 weight 1539 name 2303
 weight 1540 name 2304
 weight 1541 name 2305
 weight 1542 name 2306
 weight 1543 name 2307
 weight 1544 name 2308
 weight 1545 name 2309
 weight 1546 name 2310
 weight 1547 name 2311
 weight 1548 name 2312
 weight 1549 name 2313
 weight 1550 name 2314
 weight 1551 name 2315
 weight 1552 name 2316
 weight 1553 name 2317
 weight 1554 name 2318
 weight 1555 name 2319
 weight 1556 name 2320
