000 (46974184.000.000) 05/25 13:57:25 Job submitted from host: <131.169.223.41:9618?addrs=131.169.223.41-9618+[2001-638-700-10df--1-29]-9618&noUDP&sock=schedd_2006168_f5e8_3>
...
001 (46974184.000.000) 05/25 13:57:48 Job executing on host: <131.169.76.32:35599?addrs=131.169.76.32-35599>
...
006 (46974184.000.000) 05/25 13:57:56 Image size of job updated: 15640
	5  -  MemoryUsage of job (MB)
	4112  -  ResidentSetSize of job (KB)
...
006 (46974184.000.000) 05/25 14:02:56 Image size of job updated: 313660
	229  -  MemoryUsage of job (MB)
	234484  -  ResidentSetSize of job (KB)
...
006 (46974184.000.000) 05/25 14:07:56 Image size of job updated: 313660
	246  -  MemoryUsage of job (MB)
	251436  -  ResidentSetSize of job (KB)
...
006 (46974184.000.000) 05/25 14:48:00 Image size of job updated: 313668
	301  -  MemoryUsage of job (MB)
	307212  -  ResidentSetSize of job (KB)
...
006 (46974184.000.000) 05/25 15:03:01 Image size of job updated: 314196
	301  -  MemoryUsage of job (MB)
	307980  -  ResidentSetSize of job (KB)
...
006 (46974184.000.000) 05/25 15:13:02 Image size of job updated: 318516
	308  -  MemoryUsage of job (MB)
	314712  -  ResidentSetSize of job (KB)
...
006 (46974184.000.000) 05/25 15:18:02 Image size of job updated: 323204
	313  -  MemoryUsage of job (MB)
	319504  -  ResidentSetSize of job (KB)
...
006 (46974184.000.000) 05/25 15:23:03 Image size of job updated: 339136
	328  -  MemoryUsage of job (MB)
	335380  -  ResidentSetSize of job (KB)
...
006 (46974184.000.000) 05/25 15:38:05 Image size of job updated: 371604
	359  -  MemoryUsage of job (MB)
	367304  -  ResidentSetSize of job (KB)
...
006 (46974184.000.000) 05/25 15:43:05 Image size of job updated: 371696
	359  -  MemoryUsage of job (MB)
	367308  -  ResidentSetSize of job (KB)
...
009 (46974184.000.000) 05/25 16:57:49 Job was aborted by the user.
	The system macro SYSTEM_PERIODIC_REMOVE expression '((JobStatus == 5 && (CurrentTime - EnteredCurrentStatus) > 14 * 24 * 3600)) || (JobRunCount >= 10) || ((JobStatus == 2) && ((CurrentTime - EnteredCurrentStatus) > MaxJobRetirementTime))' evaluated to TRUE
...
